#
# There is insufficient memory for the Java Runtime Environment to continue.
# Native memory allocation (mmap) failed to map 134217728 bytes for Failed to commit area from 0x0000000081800000 to 0x0000000089800000 of length 134217728.
# Possible reasons:
#   The system is out of physical RAM or swap space
#   The process is running with CompressedOops enabled, and the Java Heap may be blocking the growth of the native heap
# Possible solutions:
#   Reduce memory load on the system
#   Increase physical memory or swap space
#   Check if swap backing store is full
#   Decrease Java heap size (-Xmx/-Xms)
#   Decrease number of Java threads
#   Decrease Java thread stack sizes (-Xss)
#   Set larger code cache with -XX:ReservedCodeCacheSize=
# This output file may be truncated or incomplete.
#
#  Out of Memory Error (c:/tools/cygwin/home/Administrator/development/Corretto11Src/src/src/hotspot/os/windows/os_windows.cpp:3281), pid=30040, tid=10332
#
# JRE version:  (11.0.4+11) (build )
# Java VM: OpenJDK 64-Bit Server VM (11.0.4+11-LTS, mixed mode, aot, sharing, tiered, compressed oops, g1 gc, windows-amd64)
# No core dump will be written. Minidumps are not enabled by default on client versions of Windows
#

---------------  S U M M A R Y ------------

Command Line: -javaagent:C:\Program Files\JetBrains\IntelliJ IDEA Community Edition 2019.1.3\lib\idea_rt.jar=54047:C:\Program Files\JetBrains\IntelliJ IDEA Community Edition 2019.1.3\bin -Dfile.encoding=UTF-8 academy.learnprogramming.Main

Host: Intel(R) Core(TM) i7-4600U CPU @ 2.10GHz, 4 cores, 7G,  Windows 7 , 64 bit Build 7601 (6.1.7601.24260)
Time: Wed Sep 18 01:42:12 2019 GMT Daylight Time elapsed time: 0 seconds (0d 0h 0m 0s)

---------------  T H R E A D  ---------------

Current thread (0x0000000000470000):  JavaThread "Unknown thread" [_thread_in_vm, id=10332, stack(0x0000000002020000,0x0000000002120000)]

Stack: [0x0000000002020000,0x0000000002120000]
Native frames: (J=compiled Java code, j=interpreted, Vv=VM code, C=native code)
V  [jvm.dll+0x5d700a]
V  [jvm.dll+0x70bc6e]
V  [jvm.dll+0x70d2fb]
V  [jvm.dll+0x70d9c3]
V  [jvm.dll+0x23f5f8]
V  [jvm.dll+0x5d454a]
V  [jvm.dll+0x5c9285]
V  [jvm.dll+0x2f3e8c]
V  [jvm.dll+0x2f3d12]
V  [jvm.dll+0x2f89c6]
V  [jvm.dll+0x339e9f]
V  [jvm.dll+0x3398d0]
V  [jvm.dll+0x2d1d08]
V  [jvm.dll+0x2d2e56]
V  [jvm.dll+0x6e7db7]
V  [jvm.dll+0x6e953f]
V  [jvm.dll+0x346d79]
V  [jvm.dll+0x6cebf0]
V  [jvm.dll+0x3adfef]
V  [jvm.dll+0x3b0371]
C  [java.exe+0x35fb]
C  [java.exe+0x1783c]
C  [kernel32.dll+0x159cd]
C  [ntdll.dll+0x5385d]


---------------  P R O C E S S  ---------------

Threads class SMR info:
_java_thread_list=0x0000000000449640, length=0, elements={
}

Java Threads: ( => current thread )

Other Threads:
  0x0000000000486000 GCTaskThread "GC Thread#0" [stack: 0x0000000019b50000,0x0000000019c50000] [id=21364]
  0x00000000004bc000 ConcurrentGCThread "G1 Main Marker" [stack: 0x000000001ed70000,0x000000001ee70000] [id=25080]
  0x00000000004bd800 ConcurrentGCThread "G1 Conc#0" [stack: 0x000000001ef90000,0x000000001f090000] [id=26508]

[error occurred during error reporting (printing all threads), id 0xc0000005, EXCEPTION_ACCESS_VIOLATION (0xc0000005) at pc=0x000007fecc0c0927]

VM state:not at safepoint (not fully initialized)

VM Mutex/Monitor currently owned by a thread:  ([mutex/lock_event])
[0x000000000046d670] Heap_lock - owner thread: 0x0000000000470000

Heap address: 0x0000000081800000, size: 2024 MB, Compressed Oops mode: Non-zero based: 0x0000000081800000
Narrow klass base: 0x0000000000000000, Narrow klass shift: 0

GC Heap History (0 events):
No events

Deoptimization events (0 events):
No events

Classes redefined (0 events):
No events

Internal exceptions (0 events):
No events

Events (0 events):
No events


Dynamic libraries:
0x000000013ff40000 - 0x000000013ff86000 	C:\Program Files\Amazon Corretto\jdk11.0.4_10\bin\java.exe
0x0000000076ef0000 - 0x000000007708f000 	C:\Windows\SYSTEM32\ntdll.dll
0x0000000076dd0000 - 0x0000000076eef000 	C:\Windows\system32\kernel32.dll
0x000007fefcd90000 - 0x000007fefcdfa000 	C:\Windows\system32\KERNELBASE.dll
0x0000000074730000 - 0x00000000747b9000 	C:\Windows\System32\SYSFER.DLL
0x0000000076cd0000 - 0x0000000076dca000 	C:\Windows\system32\USER32.dll
0x000007fefe140000 - 0x000007fefe1a7000 	C:\Windows\system32\GDI32.dll
0x000007fefe3a0000 - 0x000007fefe3ae000 	C:\Windows\system32\LPK.dll
0x000007fefed70000 - 0x000007fefee3b000 	C:\Windows\system32\USP10.dll
0x000007fefe690000 - 0x000007fefe72f000 	C:\Windows\system32\msvcrt.dll
0x000007fefc5b0000 - 0x000007fefc7a4000 	C:\Windows\WinSxS\amd64_microsoft.windows.common-controls_6595b64144ccf1df_6.0.7601.18837_none_fa3b1e3d17594757\COMCTL32.dll
0x000007fefee40000 - 0x000007fefeeb1000 	C:\Windows\system32\SHLWAPI.dll
0x000007fefeee0000 - 0x000007fefef0e000 	C:\Windows\system32\IMM32.DLL
0x000007fefe580000 - 0x000007fefe689000 	C:\Windows\system32\MSCTF.dll
0x000007fef0fa0000 - 0x000007fef0fa3000 	C:\Windows\system32\api-ms-win-core-synch-l1-2-0.DLL
0x000007fef14a0000 - 0x000007fef14b5000 	C:\Program Files\Amazon Corretto\jdk11.0.4_10\bin\vcruntime140.dll
0x000007feef400000 - 0x000007feef404000 	C:\Program Files\Amazon Corretto\jdk11.0.4_10\bin\api-ms-win-crt-runtime-l1-1-0.dll
0x000007feeb480000 - 0x000007feeb57c000 	C:\Program Files\Amazon Corretto\jdk11.0.4_10\bin\ucrtbase.DLL
0x000007feeef80000 - 0x000007feeef83000 	C:\Program Files\Amazon Corretto\jdk11.0.4_10\bin\api-ms-win-core-localization-l1-2-0.dll
0x000007feeef20000 - 0x000007feeef23000 	C:\Program Files\Amazon Corretto\jdk11.0.4_10\bin\api-ms-win-core-processthreads-l1-1-1.dll
0x000007feeef10000 - 0x000007feeef13000 	C:\Program Files\Amazon Corretto\jdk11.0.4_10\bin\api-ms-win-core-file-l1-2-0.dll
0x000007feeed70000 - 0x000007feeed73000 	C:\Program Files\Amazon Corretto\jdk11.0.4_10\bin\api-ms-win-core-timezone-l1-1-0.dll
0x000007feeed60000 - 0x000007feeed63000 	C:\Program Files\Amazon Corretto\jdk11.0.4_10\bin\api-ms-win-core-file-l2-1-0.dll
0x000007feeed50000 - 0x000007feeed53000 	C:\Program Files\Amazon Corretto\jdk11.0.4_10\bin\api-ms-win-crt-heap-l1-1-0.dll
0x000007feeed40000 - 0x000007feeed44000 	C:\Program Files\Amazon Corretto\jdk11.0.4_10\bin\api-ms-win-crt-string-l1-1-0.dll
0x000007feeed30000 - 0x000007feeed34000 	C:\Program Files\Amazon Corretto\jdk11.0.4_10\bin\api-ms-win-crt-stdio-l1-1-0.dll
0x000007feeed20000 - 0x000007feeed24000 	C:\Program Files\Amazon Corretto\jdk11.0.4_10\bin\api-ms-win-crt-convert-l1-1-0.dll
0x000007feee540000 - 0x000007feee5db000 	C:\Program Files\Amazon Corretto\jdk11.0.4_10\bin\msvcp140.dll
0x000007feeed10000 - 0x000007feeed13000 	C:\Program Files\Amazon Corretto\jdk11.0.4_10\bin\api-ms-win-crt-locale-l1-1-0.dll
0x000007feeed00000 - 0x000007feeed05000 	C:\Program Files\Amazon Corretto\jdk11.0.4_10\bin\api-ms-win-crt-math-l1-1-0.dll
0x000007feeecf0000 - 0x000007feeecf3000 	C:\Program Files\Amazon Corretto\jdk11.0.4_10\bin\api-ms-win-crt-filesystem-l1-1-0.dll
0x000007feeece0000 - 0x000007feeece3000 	C:\Program Files\Amazon Corretto\jdk11.0.4_10\bin\api-ms-win-crt-time-l1-1-0.dll
0x000007feeebf0000 - 0x000007feeebf3000 	C:\Program Files\Amazon Corretto\jdk11.0.4_10\bin\api-ms-win-crt-environment-l1-1-0.dll
0x000007feeebe0000 - 0x000007feeebe3000 	C:\Program Files\Amazon Corretto\jdk11.0.4_10\bin\api-ms-win-crt-utility-l1-1-0.dll
0x000007fecbde0000 - 0x000007fecc895000 	C:\Program Files\Amazon Corretto\jdk11.0.4_10\bin\server\jvm.dll
0x000007fefdb90000 - 0x000007fefdc6b000 	C:\Windows\system32\ADVAPI32.dll
0x000007fefe380000 - 0x000007fefe39f000 	C:\Windows\SYSTEM32\sechost.dll
0x000007fefe3b0000 - 0x000007fefe4dd000 	C:\Windows\system32\RPCRT4.dll
0x000007fef1ac0000 - 0x000007fef1ac9000 	C:\Windows\system32\WSOCK32.dll
0x000007fefe2b0000 - 0x000007fefe2fd000 	C:\Windows\system32\WS2_32.dll
0x000007fefe130000 - 0x000007fefe138000 	C:\Windows\system32\NSI.dll
0x000007fefb430000 - 0x000007fefb46b000 	C:\Windows\system32\WINMM.dll
0x000007fefbf00000 - 0x000007fefbf0c000 	C:\Windows\system32\VERSION.dll
0x00000000770a0000 - 0x00000000770a7000 	C:\Windows\system32\PSAPI.DLL
0x000007feeebd0000 - 0x000007feeebe0000 	C:\Program Files\Amazon Corretto\jdk11.0.4_10\bin\verify.dll
0x000007fef1e80000 - 0x000007fef1fa5000 	C:\Windows\system32\DBGHELP.DLL
0x000007feeeba0000 - 0x000007feeebc8000 	C:\Program Files\Amazon Corretto\jdk11.0.4_10\bin\java.dll
0x000007feeeb40000 - 0x000007feeeb70000 	C:\Program Files\Amazon Corretto\jdk11.0.4_10\bin\instrument.dll
0x000007feeeb20000 - 0x000007feeeb36000 	C:\Program Files\Amazon Corretto\jdk11.0.4_10\bin\zip.dll
0x000007feeeb90000 - 0x000007feeeb9a000 	C:\Program Files\Amazon Corretto\jdk11.0.4_10\bin\jimage.dll

dbghelp: loaded successfully - version: 4.0.5 - missing functions: none
symbol engine: initialized successfully - sym options: 0x614 - pdb path: .;C:\Program Files\Amazon Corretto\jdk11.0.4_10\bin;C:\Windows\SYSTEM32;C:\Windows\WinSxS\amd64_microsoft.windows.common-controls_6595b64144ccf1df_6.0.7601.18837_none_fa3b1e3d17594757;C:\Program Files\Amazon Corretto\jdk11.0.4_10\bin\server

VM Arguments:
jvm_args: -javaagent:C:\Program Files\JetBrains\IntelliJ IDEA Community Edition 2019.1.3\lib\idea_rt.jar=54047:C:\Program Files\JetBrains\IntelliJ IDEA Community Edition 2019.1.3\bin -Dfile.encoding=UTF-8 
java_command: academy.learnprogramming.Main
java_class_path (initial): C:\Users\Vieran\Documents\Programming\JavaPrograms\CapitalOne\out\production\CapitalOne
Launcher Type: SUN_STANDARD

[Global flags]
     intx CICompilerCount                          = 3                                         {product} {ergonomic}
     uint ConcGCThreads                            = 1                                         {product} {ergonomic}
     uint G1ConcRefinementThreads                  = 4                                         {product} {ergonomic}
   size_t G1HeapRegionSize                         = 1048576                                   {product} {ergonomic}
    uintx GCDrainStackTargetSize                   = 64                                        {product} {ergonomic}
   size_t InitialHeapSize                          = 134217728                                 {product} {ergonomic}
   size_t MarkStackSize                            = 4194304                                   {product} {ergonomic}
   size_t MaxHeapSize                              = 2122317824                                {product} {ergonomic}
   size_t MinHeapDeltaBytes                        = 1048576                                   {product} {ergonomic}
    uintx NonNMethodCodeHeapSize                   = 5830092                                {pd product} {ergonomic}
    uintx NonProfiledCodeHeapSize                  = 122914074                              {pd product} {ergonomic}
    uintx ProfiledCodeHeapSize                     = 122914074                              {pd product} {ergonomic}
    uintx ReservedCodeCacheSize                    = 251658240                              {pd product} {ergonomic}
     bool SegmentedCodeCache                       = true                                      {product} {ergonomic}
     bool UseCompressedClassPointers               = true                                 {lp64_product} {ergonomic}
     bool UseCompressedOops                        = true                                 {lp64_product} {ergonomic}
     bool UseG1GC                                  = true                                      {product} {ergonomic}
     bool UseLargePagesIndividualAllocation        = false                                  {pd product} {ergonomic}

Logging:
Log output configuration:
 #0: stdout all=warning uptime,level,tags
 #1: stderr all=off uptime,level,tags

Environment Variables:
JAVA_HOME=C:\Program Files\Amazon Corretto\jdk11.0.4_10
PATH=C:\Program Files\Amazon Corretto\jdk11.0.4_10\bin;C:\Program Files\Common Files\Microsoft Shared\Windows Live;C:\Program Files (x86)\Common Files\Microsoft Shared\Windows Live;c:\Program Files (x86)\Intel\iCLS Client\;c:\Program Files\Intel\iCLS Client\;C:\Windows\system32;C:\Windows;C:\Windows\System32\Wbem;C:\Windows\System32\WindowsPowerShell\v1.0\;C:\Program Files (x86)\Intel\OpenCL SDK\3.0\bin\x86;C:\Program Files (x86)\Intel\OpenCL SDK\3.0\bin\x64;C:\Program Files\MATLAB\R2014b\runtime\win64;C:\Program Files\MATLAB\R2014b\bin;C:\Program Files (x86)\Windows Live\Shared;C:\Program Files\Intel\Intel(R) Management Engine Components\DAL;C:\Program Files\Intel\Intel(R) Management Engine Components\IPT;C:\Program Files (x86)\Intel\Intel(R) Management Engine Components\DAL;C:\Program Files (x86)\Intel\Intel(R) Management Engine Components\IPT;C:\Program Files\Microsoft SQL Server\110\Tools\Binn\;C:\Program Files (x86)\Common Files\AspenTech Shared\;C:\Android;C:\Windows\System32;C:\Program Files\Intel\WiFi\bin\;C:\Program Files\Common Files\Intel\WirelessCommon\;C:\Program Files (x86)\Intel\UCRT\;C:\Program Files\Intel\UCRT\;C:\Program Files\MiKTeX 2.9\miktex\bin\x64\;C:\Program Files\SourceGear\Common\DiffMerge\;C:\Program Files\Intel\WiFi\bin\;C:\Program Files\Common Files\Intel\WirelessCommon\;AspenTech\Aspen Hydraulics
USERNAME=Vieran
OS=Windows_NT
PROCESSOR_IDENTIFIER=Intel64 Family 6 Model 69 Stepping 1, GenuineIntel



---------------  S Y S T E M  ---------------

OS: Windows 7 , 64 bit Build 7601 (6.1.7601.24260)

CPU:total 4 (initial active 4) (2 cores per cpu, 2 threads per core) family 6 model 69 stepping 1, cmov, cx8, fxsr, mmx, sse, sse2, sse3, ssse3, sse4.1, sse4.2, popcnt, avx, avx2, aes, clmul, erms, lzcnt, ht, tsc, tscinvbit, bmi1, bmi2, fma

Memory: 4k page, system-wide physical 8089M (459M free)
TotalPageFile size 16418M (AvailPageFile size 72M)
current process WorkingSet (physical memory assigned to process): 10M, peak: 10M
current process commit charge ("private bytes"): 59M, peak: 185M

vm_info: OpenJDK 64-Bit Server VM (11.0.4+11-LTS) for windows-amd64 JRE (11.0.4+11-LTS), built on Jul 11 2019 21:08:18 by "Administrator" with unknown MS VC++:1916

END.
